#
# A fatal error has been detected by the Java Runtime Environment:
#
#  EXCEPTION_ACCESS_VIOLATION (0xc0000005) at pc=0x00007ffe305a010d, pid=12316, tid=2516
#
# JRE version: Java(TM) SE Runtime Environment (8.0_66-b18) (build 1.8.0_66-b18)
# Java VM: Java HotSpot(TM) 64-Bit Server VM (25.66-b18 mixed mode windows-amd64 compressed oops)
# Problematic frame:
# C  [libverific.dll+0x2b010d]
#
# Failed to write core dump. Minidumps are not enabled by default on client versions of Windows
#
# If you would like to submit a bug report, please visit:
#   http://bugreport.java.com/bugreport/crash.jsp
# The crash happened outside the Java Virtual Machine in native code.
# See problematic frame for where to report the bug.
#

---------------  T H R E A D  ---------------

Current thread (0x000001be319e1000):  JavaThread "Update Design Hierarchy" [_thread_in_native, id=2516, stack(0x000000a681200000,0x000000a681700000)]

siginfo: ExceptionCode=0xc0000005, writing address 0x00007ffe307f8548

Registers:
RAX=0x00007ffe30846a78, RBX=0x00007ffe307f8548, RCX=0x00007ffe307f8548, RDX=0x0000000000000000
RSP=0x000000a6816fb840, RBP=0x000000a6816fb9b0, RSI=0x000000a6816fd2d8, RDI=0x00007ffe307f8548
R8 =0x0000000000000028, R9 =0x000000000a92f080, R10=0x0000000000000001, R11=0x000000000000001a
R12=0x000000a6816fc5c0, R13=0x0000000000000000, R14=0x0000000000000000, R15=0x000001be0c531bc0
RIP=0x00007ffe305a010d, EFLAGS=0x0000000000010202

Top of Stack: (sp=0x000000a6816fb840)
0x000000a6816fb840:   000001be00000000 000000000a917bb3
0x000000a6816fb850:   00007ffe307f8548 000001be0c531bc0
0x000000a6816fb860:   fffffffffffffffe 000000000a91808d
0x000000a6816fb870:   000001be0c531bc0 00007ffe304a3ff7
0x000000a6816fb880:   00007ffe307f8548 0000000000000042
0x000000a6816fb890:   00007ffe307f8548 00000000000000b1
0x000000a6816fb8a0:   0000000000000001 00007ffe30642f94
0x000000a6816fb8b0:   0000000000000042 000001be0c531bc0
0x000000a6816fb8c0:   000001be2ce7b540 0000000000000000
0x000000a6816fb8d0:   0000000000000000 0000000000000000
0x000000a6816fb8e0:   0000000000000000 0000000000000000
0x000000a6816fb8f0:   00007ffe307f8548 000001be0c531bc0
0x000000a6816fb900:   0000000000000000 0000000000000000
0x000000a6816fb910:   000000a6816fd2d8 000001be0c565200
0x000000a6816fb920:   0000000000000000 000000000000008d
0x000000a6816fb930:   000000a6816fdf80 0000004200000000 

Instructions: (pc=0x00007ffe305a010d)
0x00007ffe305a00ed:   c3 cc cc 48 89 4c 24 08 53 48 83 ec 30 48 c7 44
0x00007ffe305a00fd:   24 20 fe ff ff ff 48 8b d9 48 8d 05 6b 69 2a 00
0x00007ffe305a010d:   48 89 01 48 89 51 08 48 c7 41 10 00 00 00 00 48
0x00007ffe305a011d:   85 d2 75 09 e8 ea 3e 08 00 48 89 43 08 48 83 7b 


Register to memory mapping:

RAX=0x00007ffe30846a78 is an unknown value
RBX=0x00007ffe307f8548 is an unknown value
RCX=0x00007ffe307f8548 is an unknown value
RDX=0x0000000000000000 is an unknown value
RSP=0x000000a6816fb840 is pointing into the stack for thread: 0x000001be319e1000
RBP=0x000000a6816fb9b0 is pointing into the stack for thread: 0x000001be319e1000
RSI=0x000000a6816fd2d8 is pointing into the stack for thread: 0x000001be319e1000
RDI=0x00007ffe307f8548 is an unknown value
R8 =0x0000000000000028 is an unknown value
R9 =0x000000000a92f080 is an unknown value
R10=0x0000000000000001 is an unknown value
R11=0x000000000000001a is an unknown value
R12=0x000000a6816fc5c0 is pointing into the stack for thread: 0x000001be319e1000
R13=0x0000000000000000 is an unknown value
R14=0x0000000000000000 is an unknown value
R15=0x000001be0c531bc0 is an unknown value


Stack: [0x000000a681200000,0x000000a681700000],  sp=0x000000a6816fb840,  free space=5102k
Native frames: (J=compiled Java code, j=interpreted, Vv=VM code, C=native code)
C  [libverific.dll+0x2b010d]
C  [libverific.dll+0x1b3ff7]
C  [libverific.dll+0x352f94]
C  [libverific.dll+0x307965]
C  [libverific.dll+0x3074e7]
C  [librdi_filemgmt.dll+0x18cd4f]
C  [librdi_filemgmt.dll+0x1882db]
C  [librdi_filemgmt.dll+0x10e60a]
C  [librdi_filemgmt.dll+0x1236f1]
C  [librdi_filemgmt.dll+0x123af3]
C  [librdi_tcltasks.dll+0x18fa7a]
C  [librdi_tcltasks.dll+0x294da9]
C  0x000001be10016f1b

Java frames: (J=compiled Java code, j=interpreted, Vv=VM code)
j  ui.frmwork.designcmds.HTCDesignCommands_updatePairOfGraphs(JJIZJ)Z+0
j  ui.a.e.a(Lui/project/r;Lui/data/design/c;Lui/data/design/c;ZLui/data/common/H;)Z+82
j  ui.data.design.n.dG(Z)V+360
j  ui.data.design.n.dF(Z)V+2
j  ui.data.design.n.aoA()V+22
j  ui.views.p.W.J()V+11
j  ui.b.c.bC.construct()Ljava/lang/Object;+13
J 18192 C1 ui.frmwork.D.run()V (103 bytes) @ 0x000001be1109603c [0x000001be11095ca0+0x39c]
J 17488 C1 java.lang.Thread.run()V (17 bytes) @ 0x000001be10aa6c04 [0x000001be10aa6ac0+0x144]
v  ~StubRoutines::call_stub

---------------  P R O C E S S  ---------------

Java Threads: ( => current thread )
=>0x000001be319e1000 JavaThread "Update Design Hierarchy" [_thread_in_native, id=2516, stack(0x000000a681200000,0x000000a681700000)]
  0x000001be319e1800 JavaThread "Image Fetcher 0" daemon [_thread_blocked, id=11596, stack(0x000000a680900000,0x000000a680e00000)]
  0x000001be2f6a1000 JavaThread "Monitor File Timestamp Swing Worker" [_thread_blocked, id=7684, stack(0x000000a681c00000,0x000000a682100000)]
  0x000001be2f40d800 JavaThread "Monitor File Timestamp Swing Worker" [_thread_blocked, id=7828, stack(0x000000a682300000,0x000000a682800000)]
  0x000001be2ef65800 JavaThread "Monitor File Timestamp Swing Worker" [_thread_blocked, id=7756, stack(0x000000a680000000,0x000000a680500000)]
  0x000001be2a976000 JavaThread "Swing-Shell" daemon [_thread_blocked, id=10268, stack(0x000000a6fc900000,0x000000a6fce00000)]
  0x000001be2a9c7800 JavaThread "hw_ila_monitor" [_thread_blocked, id=3644, stack(0x000000a6fea00000,0x000000a6fef00000)]
  0x000001be2d109800 JavaThread "Update Runs Swing Worker" [_thread_blocked, id=1172, stack(0x000000a6fe500000,0x000000a6fea00000)]
  0x000001be2b5ed800 JavaThread "Refresh Filesets Swing Worker" [_thread_blocked, id=13012, stack(0x000000a6fe000000,0x000000a6fe500000)]
  0x000001be29331000 JavaThread "Monitor File Timestamp Swing Worker" [_thread_blocked, id=4716, stack(0x000000a6fd300000,0x000000a6fd800000)]
  0x000001be0fe77000 JavaThread "AWT-EventQueue-1" [_thread_blocked, id=4336, stack(0x000000a6fbf00000,0x000000a6fc400000)]
  0x000001be0fe79000 JavaThread "Process Messages" [_thread_blocked, id=9528, stack(0x000000a6fba00000,0x000000a6fbf00000)]
  0x000001be0fe7a800 JavaThread "Thread-3" [_thread_in_native, id=10592, stack(0x000000a6f6200000,0x000000a6f7600000)]
  0x000001be28d53000 JavaThread "AWT-EventQueue-0" [_thread_blocked, id=6200, stack(0x000000a6fb500000,0x000000a6fba00000)]
  0x000001be2752a800 JavaThread "AWT-Windows" daemon [_thread_in_native, id=5836, stack(0x000000a6fab00000,0x000000a6fb000000)]
  0x000001be2752b800 JavaThread "AWT-Shutdown" [_thread_blocked, id=9876, stack(0x000000a6fa600000,0x000000a6fab00000)]
  0x000001be27521000 JavaThread "Java2D Disposer" daemon [_thread_blocked, id=1124, stack(0x000000a6fa100000,0x000000a6fa600000)]
  0x000001be27465800 JavaThread "TimerQueue" daemon [_thread_blocked, id=8016, stack(0x000000a6f9c00000,0x000000a6fa100000)]
  0x000001be27117800 JavaThread "Service Thread" daemon [_thread_blocked, id=12784, stack(0x000000a6f9600000,0x000000a6f9b00000)]
  0x000001be27073000 JavaThread "C1 CompilerThread2" daemon [_thread_blocked, id=8804, stack(0x000000a6f9500000,0x000000a6f9600000)]
  0x000001be27074800 JavaThread "C2 CompilerThread1" daemon [_thread_blocked, id=1540, stack(0x000000a6f9400000,0x000000a6f9500000)]
  0x000001be27064800 JavaThread "C2 CompilerThread0" daemon [_thread_blocked, id=8732, stack(0x000000a6f9300000,0x000000a6f9400000)]
  0x000001be27066000 JavaThread "Attach Listener" daemon [_thread_blocked, id=800, stack(0x000000a6f8e00000,0x000000a6f9300000)]
  0x000001be27067800 JavaThread "Signal Dispatcher" daemon [_thread_blocked, id=12576, stack(0x000000a6f8900000,0x000000a6f8e00000)]
  0x000001be26ffb800 JavaThread "Finalizer" daemon [_thread_blocked, id=8800, stack(0x000000a6f8400000,0x000000a6f8900000)]
  0x000001be26ffd000 JavaThread "Reference Handler" daemon [_thread_blocked, id=1928, stack(0x000000a6f7f00000,0x000000a6f8400000)]
  0x000001be0fe45800 JavaThread "main" [_thread_blocked, id=1764, stack(0x000000a6f7900000,0x000000a6f7a00000)]

Other Threads:
  0x000001be0fff0800 VMThread [stack: 0x000000a6f7e00000,0x000000a6f7f00000] [id=12028]
  0x000001be271e6000 WatcherThread [stack: 0x000000a6f9b00000,0x000000a6f9c00000] [id=12004]

VM state:not at safepoint (normal execution)

VM Mutex/Monitor currently owned by a thread: None

Heap:
 PSYoungGen      total 51712K, used 6487K [0x00000007bc400000, 0x00000007c0000000, 0x00000007c0000000)
  eden space 41984K, 4% used [0x00000007bc400000,0x00000007bc5d1bd8,0x00000007bed00000)
  from space 9728K, 47% used [0x00000007bed00000,0x00000007bf184030,0x00000007bf680000)
  to   space 9216K, 0% used [0x00000007bf700000,0x00000007bf700000,0x00000007c0000000)
 ParOldGen       total 239616K, used 84949K [0x0000000700000000, 0x000000070ea00000, 0x00000007bc400000)
  object space 239616K, 35% used [0x0000000700000000,0x00000007052f5650,0x000000070ea00000)
 Metaspace       used 64522K, capacity 65411K, committed 65920K, reserved 1105920K
  class space    used 8636K, capacity 8809K, committed 8832K, reserved 1048576K

Card table byte_map: [0x000001be1f3c0000,0x000001be1f9d0000] byte_map_base: 0x000001be1bbc0000

Marking Bits: (ParMarkBitMap*) 0x0000000061b4a5b0
 Begin Bits: [0x000001be1ffc0000, 0x000001be22fc0000)
 End Bits:   [0x000001be22fc0000, 0x000001be25fc0000)

Polling page: 0x000001be0ac30000

CodeCache: size=245760Kb used=62240Kb max_used=62276Kb free=183519Kb
 bounds [0x000001be10000000, 0x000001be13d60000, 0x000001be1f000000]
 total_blobs=16172 nmethods=15348 adapters=729
 compilation: enabled

Compilation events (10 events):
Event: 3608.037 Thread 0x000001be27074800 20905       4       javax.swing.text.PlainView::paint (455 bytes)
Event: 3608.098 Thread 0x000001be27074800 nmethod 20905 0x000001be13896a50 code [0x000001be13896d40, 0x000001be138988c0]
Event: 3629.316 Thread 0x000001be27073000 20907       3       ui.data.aT::nP (9 bytes)
Event: 3629.317 Thread 0x000001be27073000 nmethod 20907 0x000001be1179a590 code [0x000001be1179a700, 0x000001be1179a990]
Event: 3629.319 Thread 0x000001be27073000 20908       3       ui.data.aT::ob (8 bytes)
Event: 3629.319 Thread 0x000001be27073000 nmethod 20908 0x000001be1078ff10 code [0x000001be10790080, 0x000001be10790210]
Event: 3629.321 Thread 0x000001be27064800 20909       4       ui.frmwork.aD::toString (66 bytes)
Event: 3629.400 Thread 0x000001be27074800 20910       4       ui.g.bc::cm (63 bytes)
Event: 3629.414 Thread 0x000001be27064800 nmethod 20909 0x000001be126a3610 code [0x000001be126a3880, 0x000001be126a5980]
Event: 3629.445 Thread 0x000001be27074800 nmethod 20910 0x000001be12b4e090 code [0x000001be12b4e280, 0x000001be12b4f0a8]

GC Heap History (10 events):
Event: 3605.679 GC heap before
{Heap before GC invocations=1358 (full 91):
 PSYoungGen      total 52224K, used 10102K [0x00000007bc400000, 0x00000007c0000000, 0x00000007c0000000)
  eden space 43008K, 10% used [0x00000007bc400000,0x00000007bc842ca0,0x00000007bee00000)
  from space 9216K, 62% used [0x00000007bf700000,0x00000007bfc9ae80,0x00000007c0000000)
  to   space 9216K, 0% used [0x00000007bee00000,0x00000007bee00000,0x00000007bf700000)
 ParOldGen       total 239616K, used 82370K [0x0000000700000000, 0x000000070ea00000, 0x00000007bc400000)
  object space 239616K, 34% used [0x0000000700000000,0x0000000705070ab0,0x000000070ea00000)
 Metaspace       used 64521K, capacity 65411K, committed 65920K, reserved 1105920K
  class space    used 8636K, capacity 8809K, committed 8832K, reserved 1048576K
Event: 3605.688 GC heap after
Heap after GC invocations=1358 (full 91):
 PSYoungGen      total 52224K, used 5404K [0x00000007bc400000, 0x00000007c0000000, 0x00000007c0000000)
  eden space 43008K, 0% used [0x00000007bc400000,0x00000007bc400000,0x00000007bee00000)
  from space 9216K, 58% used [0x00000007bee00000,0x00000007bf347350,0x00000007bf700000)
  to   space 8704K, 0% used [0x00000007bf780000,0x00000007bf780000,0x00000007c0000000)
 ParOldGen       total 239616K, used 82678K [0x0000000700000000, 0x000000070ea00000, 0x00000007bc400000)
  object space 239616K, 34% used [0x0000000700000000,0x00000007050bdae0,0x000000070ea00000)
 Metaspace       used 64521K, capacity 65411K, committed 65920K, reserved 1105920K
  class space    used 8636K, capacity 8809K, committed 8832K, reserved 1048576K
}
Event: 3605.778 GC heap before
{Heap before GC invocations=1359 (full 91):
 PSYoungGen      total 52224K, used 15182K [0x00000007bc400000, 0x00000007c0000000, 0x00000007c0000000)
  eden space 43008K, 22% used [0x00000007bc400000,0x00000007bcd8c638,0x00000007bee00000)
  from space 9216K, 58% used [0x00000007bee00000,0x00000007bf347350,0x00000007bf700000)
  to   space 8704K, 0% used [0x00000007bf780000,0x00000007bf780000,0x00000007c0000000)
 ParOldGen       total 239616K, used 82678K [0x0000000700000000, 0x000000070ea00000, 0x00000007bc400000)
  object space 239616K, 34% used [0x0000000700000000,0x00000007050bdae0,0x000000070ea00000)
 Metaspace       used 64521K, capacity 65411K, committed 65920K, reserved 1105920K
  class space    used 8636K, capacity 8809K, committed 8832K, reserved 1048576K
Event: 3605.786 GC heap after
Heap after GC invocations=1359 (full 91):
 PSYoungGen      total 52736K, used 3429K [0x00000007bc400000, 0x00000007c0000000, 0x00000007c0000000)
  eden space 44032K, 0% used [0x00000007bc400000,0x00000007bc400000,0x00000007bef00000)
  from space 8704K, 39% used [0x00000007bf780000,0x00000007bfad95b8,0x00000007c0000000)
  to   space 8704K, 0% used [0x00000007bef00000,0x00000007bef00000,0x00000007bf780000)
 ParOldGen       total 239616K, used 84621K [0x0000000700000000, 0x000000070ea00000, 0x00000007bc400000)
  object space 239616K, 35% used [0x0000000700000000,0x00000007052a3748,0x000000070ea00000)
 Metaspace       used 64521K, capacity 65411K, committed 65920K, reserved 1105920K
  class space    used 8636K, capacity 8809K, committed 8832K, reserved 1048576K
}
Event: 3605.846 GC heap before
{Heap before GC invocations=1360 (full 91):
 PSYoungGen      total 52736K, used 7989K [0x00000007bc400000, 0x00000007c0000000, 0x00000007c0000000)
  eden space 44032K, 10% used [0x00000007bc400000,0x00000007bc873f60,0x00000007bef00000)
  from space 8704K, 39% used [0x00000007bf780000,0x00000007bfad95b8,0x00000007c0000000)
  to   space 8704K, 0% used [0x00000007bef00000,0x00000007bef00000,0x00000007bf780000)
 ParOldGen       total 239616K, used 84621K [0x0000000700000000, 0x000000070ea00000, 0x00000007bc400000)
  object space 239616K, 35% used [0x0000000700000000,0x00000007052a3748,0x000000070ea00000)
 Metaspace       used 64521K, capacity 65411K, committed 65920K, reserved 1105920K
  class space    used 8636K, capacity 8809K, committed 8832K, reserved 1048576K
Event: 3605.850 GC heap after
Heap after GC invocations=1360 (full 91):
 PSYoungGen      total 52736K, used 8461K [0x00000007bc400000, 0x00000007c0000000, 0x00000007c0000000)
  eden space 44032K, 0% used [0x00000007bc400000,0x00000007bc400000,0x00000007bef00000)
  from space 8704K, 97% used [0x00000007bef00000,0x00000007bf7434b8,0x00000007bf780000)
  to   space 8704K, 0% used [0x00000007bf780000,0x00000007bf780000,0x00000007c0000000)
 ParOldGen       total 239616K, used 84877K [0x0000000700000000, 0x000000070ea00000, 0x00000007bc400000)
  object space 239616K, 35% used [0x0000000700000000,0x00000007052e3650,0x000000070ea00000)
 Metaspace       used 64521K, capacity 65411K, committed 65920K, reserved 1105920K
  class space    used 8636K, capacity 8809K, committed 8832K, reserved 1048576K
}
Event: 3610.023 GC heap before
{Heap before GC invocations=1361 (full 91):
 PSYoungGen      total 52736K, used 52493K [0x00000007bc400000, 0x00000007c0000000, 0x00000007c0000000)
  eden space 44032K, 100% used [0x00000007bc400000,0x00000007bef00000,0x00000007bef00000)
  from space 8704K, 97% used [0x00000007bef00000,0x00000007bf7434b8,0x00000007bf780000)
  to   space 8704K, 0% used [0x00000007bf780000,0x00000007bf780000,0x00000007c0000000)
 ParOldGen       total 239616K, used 84877K [0x0000000700000000, 0x000000070ea00000, 0x00000007bc400000)
  object space 239616K, 35% used [0x0000000700000000,0x00000007052e3650,0x000000070ea00000)
 Metaspace       used 64521K, capacity 65411K, committed 65920K, reserved 1105920K
  class space    used 8636K, capacity 8809K, committed 8832K, reserved 1048576K
Event: 3610.028 GC heap after
Heap after GC invocations=1361 (full 91):
 PSYoungGen      total 50688K, used 4052K [0x00000007bc400000, 0x00000007c0000000, 0x00000007c0000000)
  eden space 41984K, 0% used [0x00000007bc400000,0x00000007bc400000,0x00000007bed00000)
  from space 8704K, 46% used [0x00000007bf780000,0x00000007bfb75270,0x00000007c0000000)
  to   space 9728K, 0% used [0x00000007bed00000,0x00000007bed00000,0x00000007bf680000)
 ParOldGen       total 239616K, used 84949K [0x0000000700000000, 0x000000070ea00000, 0x00000007bc400000)
  object space 239616K, 35% used [0x0000000700000000,0x00000007052f5650,0x000000070ea00000)
 Metaspace       used 64521K, capacity 65411K, committed 65920K, reserved 1105920K
  class space    used 8636K, capacity 8809K, committed 8832K, reserved 1048576K
}
Event: 3639.409 GC heap before
{Heap before GC invocations=1362 (full 91):
 PSYoungGen      total 50688K, used 46036K [0x00000007bc400000, 0x00000007c0000000, 0x00000007c0000000)
  eden space 41984K, 100% used [0x00000007bc400000,0x00000007bed00000,0x00000007bed00000)
  from space 8704K, 46% used [0x00000007bf780000,0x00000007bfb75270,0x00000007c0000000)
  to   space 9728K, 0% used [0x00000007bed00000,0x00000007bed00000,0x00000007bf680000)
 ParOldGen       total 239616K, used 84949K [0x0000000700000000, 0x000000070ea00000, 0x00000007bc400000)
  object space 239616K, 35% used [0x0000000700000000,0x00000007052f5650,0x000000070ea00000)
 Metaspace       used 64522K, capacity 65411K, committed 65920K, reserved 1105920K
  class space    used 8636K, capacity 8809K, committed 8832K, reserved 1048576K
Event: 3639.417 GC heap after
Heap after GC invocations=1362 (full 91):
 PSYoungGen      total 51712K, used 4624K [0x00000007bc400000, 0x00000007c0000000, 0x00000007c0000000)
  eden space 41984K, 0% used [0x00000007bc400000,0x00000007bc400000,0x00000007bed00000)
  from space 9728K, 47% used [0x00000007bed00000,0x00000007bf184030,0x00000007bf680000)
  to   space 9216K, 0% used [0x00000007bf700000,0x00000007bf700000,0x00000007c0000000)
 ParOldGen       total 239616K, used 84949K [0x0000000700000000, 0x000000070ea00000, 0x00000007bc400000)
  object space 239616K, 35% used [0x0000000700000000,0x00000007052f5650,0x000000070ea00000)
 Metaspace       used 64522K, capacity 65411K, committed 65920K, reserved 1105920K
  class space    used 8636K, capacity 8809K, committed 8832K, reserved 1048576K
}

Deoptimization events (10 events):
Event: 3397.756 Thread 0x000001be0fe77000 Uncommon trap: reason=unstable_if action=reinterpret pc=0x000001be10deca88 method=sun.java2d.pipe.SpanShapeRenderer.renderSpans(Lsun/java2d/SunGraphics2D;Lsun/java2d/pipe/Region;Ljava/awt/Shape;Lsun/java2d/pipe/ShapeSpanIterator;)V @ 64
Event: 3397.756 Thread 0x000001be0fe77000 Uncommon trap: reason=unstable_if action=reinterpret pc=0x000001be10b44c38 method=sun.java2d.pipe.SpanShapeRenderer.renderRect(Lsun/java2d/SunGraphics2D;Ljava/awt/geom/Rectangle2D;)V @ 224
Event: 3402.473 Thread 0x000001be27521000 Uncommon trap: reason=speculate_class_check action=maybe_recompile pc=0x000001be115f1970 method=java.util.Hashtable.remove(Ljava/lang/Object;)Ljava/lang/Object; @ 6
Event: 3402.476 Thread 0x000001be27521000 Uncommon trap: reason=speculate_class_check action=maybe_recompile pc=0x000001be115f1970 method=java.util.Hashtable.remove(Ljava/lang/Object;)Ljava/lang/Object; @ 6
Event: 3405.437 Thread 0x000001be0fe77000 Uncommon trap: reason=class_check action=maybe_recompile pc=0x000001be125b9a80 method=sun.java2d.SunGraphics2D.validateCompClip()V @ 47
Event: 3405.438 Thread 0x000001be0fe77000 Uncommon trap: reason=unstable_if action=reinterpret pc=0x000001be11fd8134 method=sun.java2d.SunGraphics2D.getFontRenderContext()Ljava/awt/font/FontRenderContext; @ 33
Event: 3405.889 Thread 0x000001be0fe77000 Uncommon trap: reason=class_check action=maybe_recompile pc=0x000001be125b9a80 method=sun.java2d.SunGraphics2D.validateCompClip()V @ 47
Event: 3485.781 Thread 0x000001be27521000 Uncommon trap: reason=speculate_class_check action=maybe_recompile pc=0x000001be115f1970 method=java.util.Hashtable.remove(Ljava/lang/Object;)Ljava/lang/Object; @ 6
Event: 3590.981 Thread 0x000001be0fe77000 Uncommon trap: reason=bimorphic action=maybe_recompile pc=0x000001be12a814f0 method=java.util.HashMap$TreeNode.find(ILjava/lang/Object;Ljava/lang/Class;)Ljava/util/HashMap$TreeNode; @ 68
Event: 3590.981 Thread 0x000001be0fe77000 Uncommon trap: reason=bimorphic action=maybe_recompile pc=0x000001be12a72f78 method=java.util.HashMap$TreeNode.find(ILjava/lang/Object;Ljava/lang/Class;)Ljava/util/HashMap$TreeNode; @ 68

Internal exceptions (10 events):
Event: 3616.275 Thread 0x000001be0fe77000 Exception <a 'java/io/FileNotFoundException'> (0x00000007bcf44988) thrown at [C:\re\workspace\8-2-build-windows-amd64-cygwin\jdk8u66\5298\hotspot\src\share\vm\prims\jni.cpp, line 709]
Event: 3616.724 Thread 0x000001be0fe77000 Exception <a 'java/io/FileNotFoundException'> (0x00000007bcf5d510) thrown at [C:\re\workspace\8-2-build-windows-amd64-cygwin\jdk8u66\5298\hotspot\src\share\vm\prims\jni.cpp, line 709]
Event: 3621.281 Thread 0x000001be0fe77000 Exception <a 'java/io/FileNotFoundException'> (0x00000007bd012370) thrown at [C:\re\workspace\8-2-build-windows-amd64-cygwin\jdk8u66\5298\hotspot\src\share\vm\prims\jni.cpp, line 709]
Event: 3621.730 Thread 0x000001be0fe77000 Exception <a 'java/io/FileNotFoundException'> (0x00000007bd02bbc0) thrown at [C:\re\workspace\8-2-build-windows-amd64-cygwin\jdk8u66\5298\hotspot\src\share\vm\prims\jni.cpp, line 709]
Event: 3626.281 Thread 0x000001be0fe77000 Exception <a 'java/io/FileNotFoundException'> (0x00000007bd0f85d8) thrown at [C:\re\workspace\8-2-build-windows-amd64-cygwin\jdk8u66\5298\hotspot\src\share\vm\prims\jni.cpp, line 709]
Event: 3626.731 Thread 0x000001be0fe77000 Exception <a 'java/io/FileNotFoundException'> (0x00000007bd11e210) thrown at [C:\re\workspace\8-2-build-windows-amd64-cygwin\jdk8u66\5298\hotspot\src\share\vm\prims\jni.cpp, line 709]
Event: 3631.282 Thread 0x000001be0fe77000 Exception <a 'java/io/FileNotFoundException'> (0x00000007be3b6568) thrown at [C:\re\workspace\8-2-build-windows-amd64-cygwin\jdk8u66\5298\hotspot\src\share\vm\prims\jni.cpp, line 709]
Event: 3631.734 Thread 0x000001be0fe77000 Exception <a 'java/io/FileNotFoundException'> (0x00000007be3d0038) thrown at [C:\re\workspace\8-2-build-windows-amd64-cygwin\jdk8u66\5298\hotspot\src\share\vm\prims\jni.cpp, line 709]
Event: 3636.284 Thread 0x000001be0fe77000 Exception <a 'java/io/FileNotFoundException'> (0x00000007be494138) thrown at [C:\re\workspace\8-2-build-windows-amd64-cygwin\jdk8u66\5298\hotspot\src\share\vm\prims\jni.cpp, line 709]
Event: 3636.735 Thread 0x000001be0fe77000 Exception <a 'java/io/FileNotFoundException'> (0x00000007be4acd00) thrown at [C:\re\workspace\8-2-build-windows-amd64-cygwin\jdk8u66\5298\hotspot\src\share\vm\prims\jni.cpp, line 709]

Events (10 events):
Event: 3639.422 Executing VM operation: RevokeBias
Event: 3639.422 Executing VM operation: RevokeBias done
Event: 3639.423 Executing VM operation: RevokeBias
Event: 3639.423 Executing VM operation: RevokeBias done
Event: 3639.423 Executing VM operation: RevokeBias
Event: 3639.423 Executing VM operation: RevokeBias done
Event: 3639.424 Executing VM operation: RevokeBias
Event: 3639.424 Executing VM operation: RevokeBias done
Event: 3639.424 Executing VM operation: RevokeBias
Event: 3639.424 Executing VM operation: RevokeBias done


Dynamic libraries:
0x00007ff6429e0000 - 0x00007ff642a10000 	C:\Xilinx\Vivado\2016.4\bin\unwrapped\win64.o\vivado.exe
0x00007ffe8d650000 - 0x00007ffe8d831000 	C:\WINDOWS\SYSTEM32\ntdll.dll
0x00007ffe8ab90000 - 0x00007ffe8ac42000 	C:\WINDOWS\System32\KERNEL32.DLL
0x00007ffe89c40000 - 0x00007ffe89eb3000 	C:\WINDOWS\System32\KERNELBASE.dll
0x000000000a900000 - 0x000000000a98d000 	C:\Xilinx\Vivado\2016.4\lib\win64.o\SHSMP64.dll
0x00007ffe8cf20000 - 0x00007ffe8d0b0000 	C:\WINDOWS\System32\USER32.dll
0x00007ffe8a720000 - 0x00007ffe8a740000 	C:\WINDOWS\System32\win32u.dll
0x00007ffe8ce50000 - 0x00007ffe8ce78000 	C:\WINDOWS\System32\GDI32.dll
0x00007ffe89a20000 - 0x00007ffe89bb2000 	C:\WINDOWS\System32\gdi32full.dll
0x00007ffe89ec0000 - 0x00007ffe89f5f000 	C:\WINDOWS\System32\msvcp_win.dll
0x00007ffe8a990000 - 0x00007ffe8aa8a000 	C:\WINDOWS\System32\ucrtbase.dll
0x00007ffe8aae0000 - 0x00007ffe8ab81000 	C:\WINDOWS\System32\ADVAPI32.dll
0x00007ffe8acb0000 - 0x00007ffe8ad4e000 	C:\WINDOWS\System32\msvcrt.dll
0x00007ffe8ac50000 - 0x00007ffe8acab000 	C:\WINDOWS\System32\sechost.dll
0x00007ffe8d120000 - 0x00007ffe8d244000 	C:\WINDOWS\System32\RPCRT4.dll
0x00007ffe5c9d0000 - 0x00007ffe5ca77000 	C:\WINDOWS\SYSTEM32\MSVCP110.dll
0x00007ffe59550000 - 0x00007ffe59624000 	C:\WINDOWS\SYSTEM32\MSVCR110.dll
0x00007ffe624c0000 - 0x00007ffe624d1000 	C:\Xilinx\Vivado\2016.4\lib\win64.o\librdi_commonmain.dll
0x00007ffe7f9d0000 - 0x00007ffe7f9da000 	C:\WINDOWS\SYSTEM32\VERSION.dll
0x00007ffe5e1d0000 - 0x00007ffe5e1e3000 	C:\Xilinx\Vivado\2016.4\lib\win64.o\libboost_signals.dll
0x00007ffe49eb0000 - 0x00007ffe4a95a000 	C:\Xilinx\Vivado\2016.4\lib\win64.o\librdi_common.dll
0x00007ffe5e1a0000 - 0x00007ffe5e1c4000 	C:\Xilinx\Vivado\2016.4\lib\win64.o\libboost_filesystem.dll
0x00007ffe8c2b0000 - 0x00007ffe8c2b8000 	C:\WINDOWS\System32\PSAPI.DLL
0x00007ffe8ad50000 - 0x00007ffe8c190000 	C:\WINDOWS\System32\SHELL32.dll
0x00007ffe8aa90000 - 0x00007ffe8aad9000 	C:\WINDOWS\System32\cfgmgr32.dll
0x00007ffe8c4a0000 - 0x00007ffe8c549000 	C:\WINDOWS\System32\shcore.dll
0x00007ffe8c6d0000 - 0x00007ffe8c9f3000 	C:\WINDOWS\System32\combase.dll
0x00007ffe89bc0000 - 0x00007ffe89c3a000 	C:\WINDOWS\System32\bcryptPrimitives.dll
0x00007ffe89f60000 - 0x00007ffe8a66d000 	C:\WINDOWS\System32\windows.storage.dll
0x00007ffe8ce80000 - 0x00007ffe8ced1000 	C:\WINDOWS\System32\shlwapi.dll
0x00007ffe89a00000 - 0x00007ffe89a11000 	C:\WINDOWS\System32\kernel.appcore.dll
0x00007ffe89970000 - 0x00007ffe8998f000 	C:\WINDOWS\System32\profapi.dll
0x00007ffe89990000 - 0x00007ffe899dc000 	C:\WINDOWS\System32\powrprof.dll
0x00007ffe89960000 - 0x00007ffe8996a000 	C:\WINDOWS\System32\FLTLIB.DLL
0x00007ffe5e190000 - 0x00007ffe5e199000 	C:\Xilinx\Vivado\2016.4\lib\win64.o\librdi_commonversion.dll
0x00007ffe5cea0000 - 0x00007ffe5cef3000 	C:\Xilinx\Vivado\2016.4\lib\win64.o\librdi_commonxillic.dll
0x0000000061bd0000 - 0x0000000061cf7000 	C:\Xilinx\Vivado\2016.4\lib\win64.o\tcl85t.dll
0x00007ffe8d0b0000 - 0x00007ffe8d11c000 	C:\WINDOWS\System32\WS2_32.dll
0x00007ffe5e180000 - 0x00007ffe5e189000 	C:\Xilinx\Vivado\2016.4\lib\win64.o\libboost_system.dll
0x00007ffe50360000 - 0x00007ffe506ce000 	C:\Xilinx\Vivado\2016.4\lib\win64.o\libCOIN-all.dll
0x00007ffe5e170000 - 0x00007ffe5e180000 	C:\Xilinx\Vivado\2016.4\lib\win64.o\libboost_date_time.dll
0x00007ffe58c30000 - 0x00007ffe58e4f000 	C:\Xilinx\Vivado\2016.4\lib\win64.o\libXil_lmgr11.dll
0x00007ffe8c190000 - 0x00007ffe8c27d000 	C:\WINDOWS\System32\COMDLG32.dll
0x00007ffe8d250000 - 0x00007ffe8d312000 	C:\WINDOWS\System32\OLEAUT32.dll
0x00007ffe8d320000 - 0x00007ffe8d471000 	C:\WINDOWS\System32\ole32.dll
0x00007ffe8a740000 - 0x00007ffe8a797000 	C:\WINDOWS\System32\WINTRUST.dll
0x00007ffe899e0000 - 0x00007ffe899f2000 	C:\WINDOWS\System32\MSASN1.dll
0x00007ffe8a7a0000 - 0x00007ffe8a982000 	C:\WINDOWS\System32\CRYPT32.dll
0x00007ffe594d0000 - 0x00007ffe59547000 	C:\Xilinx\Vivado\2016.4\lib\win64.o\libboost_program_options.dll
0x00007ffe5b2f0000 - 0x00007ffe5b30d000 	C:\Xilinx\Vivado\2016.4\lib\win64.o\libboost_thread.dll
0x00007ffe5ce90000 - 0x00007ffe5ce9b000 	C:\Xilinx\Vivado\2016.4\lib\win64.o\libboost_xilinx.dll
0x00007ffe58b20000 - 0x00007ffe58c26000 	C:\Xilinx\Vivado\2016.4\lib\win64.o\libboost_regex.dll
0x00007ffe59450000 - 0x00007ffe594d0000 	C:\Xilinx\Vivado\2016.4\lib\win64.o\libhdlpsolve.dll
0x0000000061340000 - 0x0000000061bc9000 	C:\Xilinx\Vivado\2016.4\tps\win64\jre\bin\server\jvm.dll
0x00007ffe51200000 - 0x00007ffe5129a000 	C:\Xilinx\Vivado\2016.4\lib\win64.o\libhdxml.dll
0x00007ffe58b00000 - 0x00007ffe58b15000 	C:\Xilinx\Vivado\2016.4\lib\win64.o\pthreadVC2.dll
0x00007ffe4ff90000 - 0x00007ffe50359000 	C:\Xilinx\Vivado\2016.4\lib\win64.o\libisl_iostreams.dll
0x00007ffe4fe60000 - 0x00007ffe4ff90000 	C:\Xilinx\Vivado\2016.4\lib\win64.o\librdi_curl.dll
0x00007ffe53490000 - 0x00007ffe534ba000 	C:\Xilinx\Vivado\2016.4\lib\win64.o\libisl_sysinfo.dll
0x00007ffe7c940000 - 0x00007ffe7cc90000 	C:\WINDOWS\SYSTEM32\WININET.dll
0x00007ffe81450000 - 0x00007ffe8152d000 	C:\WINDOWS\SYSTEM32\WINHTTP.dll
0x00007ffe7e8e0000 - 0x00007ffe7eaa8000 	C:\WINDOWS\SYSTEM32\urlmon.dll
0x00007ffe50e00000 - 0x00007ffe50e18000 	C:\Xilinx\Vivado\2016.4\lib\win64.o\librdiconfig.dll
0x00007ffe4fe40000 - 0x00007ffe4fe5f000 	C:\Xilinx\Vivado\2016.4\lib\win64.o\librdizlib.dll
0x00007ffe5c9c0000 - 0x00007ffe5c9c9000 	C:\WINDOWS\SYSTEM32\WSOCK32.dll
0x00007ffe4fe10000 - 0x00007ffe4fe33000 	C:\WINDOWS\SYSTEM32\VCOMP110.DLL
0x00007ffe7a780000 - 0x00007ffe7a797000 	C:\WINDOWS\SYSTEM32\NETAPI32.dll
0x00007ffe6e890000 - 0x00007ffe6e937000 	C:\WINDOWS\WinSxS\amd64_microsoft.windows.common-controls_6595b64144ccf1df_5.82.17134.112_none_f94f898130982b3f\COMCTL32.dll
0x00007ffe86360000 - 0x00007ffe86383000 	C:\WINDOWS\SYSTEM32\WINMM.dll
0x0000000061260000 - 0x0000000061332000 	C:\WINDOWS\SYSTEM32\MSVCR100.dll
0x00007ffe53480000 - 0x00007ffe5348b000 	C:\Xilinx\Vivado\2016.4\lib\win64.o\libboost_chrono.dll
0x00007ffe4fdf0000 - 0x00007ffe4fe06000 	C:\Xilinx\Vivado\2016.4\lib\win64.o\libboost_iostreams.dll
0x00007ffe7ffc0000 - 0x00007ffe80262000 	C:\WINDOWS\SYSTEM32\iertutil.dll
0x00007ffe86320000 - 0x00007ffe8634a000 	C:\WINDOWS\SYSTEM32\WINMMBASE.dll
0x00007ffe892f0000 - 0x00007ffe892fb000 	C:\WINDOWS\SYSTEM32\CRYPTBASE.DLL
0x00007ffe4fdc0000 - 0x00007ffe4fde3000 	C:\Xilinx\Vivado\2016.4\lib\win64.o\libisl_iosutils.dll
0x0000000012000000 - 0x0000000012263000 	C:\Xilinx\Vivado\2016.4\lib\win64.o\xerces-c_3_1.dll
0x00007ffe8c280000 - 0x00007ffe8c2ad000 	C:\WINDOWS\System32\IMM32.DLL
0x00007ffe49a60000 - 0x00007ffe49eaf000 	C:\Xilinx\Vivado\2016.4\lib\win64.o\librdi_commontasks.dll
0x00007ffe4f320000 - 0x00007ffe4f527000 	C:\Xilinx\Vivado\2016.4\lib\win64.o\librdi_sio.dll
0x00007ffe88f20000 - 0x00007ffe88f58000 	C:\WINDOWS\SYSTEM32\IPHLPAPI.DLL
0x00007ffe47cf0000 - 0x00007ffe49a56000 	C:\Xilinx\Vivado\2016.4\lib\win64.o\librdi_tcltasks.dll
0x00007ffe4fd50000 - 0x00007ffe4fdb6000 	C:\Xilinx\Vivado\2016.4\lib\win64.o\librdi_boarddep.dll
0x00007ffe4b6b0000 - 0x00007ffe4b9c8000 	C:\Xilinx\Vivado\2016.4\lib\win64.o\librdi_bitstream.dll
0x00007ffe4fb80000 - 0x00007ffe4fcde000 	C:\Xilinx\Vivado\2016.4\lib\win64.o\librdi_board.dll
0x00007ffe4d300000 - 0x00007ffe4d536000 	C:\Xilinx\Vivado\2016.4\lib\win64.o\librdi_chipscope.dll
0x00007ffe4f210000 - 0x00007ffe4f2f3000 	C:\Xilinx\Vivado\2016.4\lib\win64.o\librdi_containers.dll
0x00007ffe46a10000 - 0x00007ffe47ce2000 	C:\Xilinx\Vivado\2016.4\lib\win64.o\librdi_constraints.dll
0x00007ffe43d80000 - 0x00007ffe46a0c000 	C:\Xilinx\Vivado\2016.4\lib\win64.o\librdi_coregen.dll
0x00007ffe3ae40000 - 0x00007ffe43d73000 	C:\Xilinx\Vivado\2016.4\lib\win64.o\librdi_device.dll
0x00007ffe3ac00000 - 0x00007ffe3ae3f000 	C:\Xilinx\Vivado\2016.4\lib\win64.o\librdi_dlyest.dll
0x00007ffe372d0000 - 0x00007ffe3abff000 	C:\Xilinx\Vivado\2016.4\lib\win64.o\librdi_designutils.dll
0x00007ffe4f140000 - 0x00007ffe4f201000 	C:\Xilinx\Vivado\2016.4\lib\win64.o\librdi_dsp.dll
0x00007ffe36d90000 - 0x00007ffe372c6000 	C:\Xilinx\Vivado\2016.4\lib\win64.o\librdi_drc.dll
0x00007ffe36b40000 - 0x00007ffe36d89000 	C:\Xilinx\Vivado\2016.4\lib\win64.o\librdi_guitools.dll
0x00007ffe36500000 - 0x00007ffe36b3e000 	C:\Xilinx\Vivado\2016.4\lib\win64.o\librdi_filemgmt.dll
0x00007ffe4fb40000 - 0x00007ffe4fb7b000 	C:\Xilinx\Vivado\2016.4\lib\win64.o\librdi_pfi.dll
0x00007ffe35f40000 - 0x00007ffe364f7000 	C:\Xilinx\Vivado\2016.4\lib\win64.o\librdi_memdata.dll
0x00007ffe35ae0000 - 0x00007ffe35f33000 	C:\Xilinx\Vivado\2016.4\lib\win64.o\librdi_netlist.dll
0x00007ffe34010000 - 0x00007ffe35adf000 	C:\Xilinx\Vivado\2016.4\lib\win64.o\librdi_place.dll
0x00007ffe339f0000 - 0x00007ffe34007000 	C:\Xilinx\Vivado\2016.4\lib\win64.o\librdi_power.dll
0x00007ffe33460000 - 0x00007ffe339e2000 	C:\Xilinx\Vivado\2016.4\lib\win64.o\librdi_psta.dll
0x00007ffe32fa0000 - 0x00007ffe3345e000 	C:\Xilinx\Vivado\2016.4\lib\win64.o\librdi_project.dll
0x00007ffe322d0000 - 0x00007ffe32f92000 	C:\Xilinx\Vivado\2016.4\lib\win64.o\librdi_route.dll
0x00007ffe31ca0000 - 0x00007ffe322ca000 	C:\Xilinx\Vivado\2016.4\lib\win64.o\librdi_rsb.dll
0x00007ffe4d8e0000 - 0x00007ffe4d93c000 	C:\Xilinx\Vivado\2016.4\lib\win64.o\librdi_runsbase.dll
0x00007ffe31970000 - 0x00007ffe31ca0000 	C:\Xilinx\Vivado\2016.4\lib\win64.o\librdi_runs.dll
0x00007ffe317d0000 - 0x00007ffe31970000 	C:\Xilinx\Vivado\2016.4\lib\win64.o\librdi_simdata.dll
0x00007ffe4d870000 - 0x00007ffe4d8d3000 	C:\Xilinx\Vivado\2016.4\lib\win64.o\liblmx6.0.dll
0x00007ffe30ca0000 - 0x00007ffe317d0000 	C:\Xilinx\Vivado\2016.4\lib\win64.o\librdi_timing.dll
0x00007ffe4f100000 - 0x00007ffe4f134000 	C:\Xilinx\Vivado\2016.4\lib\win64.o\libnoc_ntf_reader.dll
0x00007ffe2fc30000 - 0x00007ffe302e4000 	C:\Xilinx\Vivado\2016.4\lib\win64.o\librdi_coregenipxact.dll
0x00007ffe4d970000 - 0x00007ffe4d9b7000 	C:\Xilinx\Vivado\2016.4\lib\win64.o\libboost_serialization.dll
0x00007ffe302f0000 - 0x00007ffe30c95000 	C:\Xilinx\Vivado\2016.4\lib\win64.o\libverific.dll
0x00007ffe4d260000 - 0x00007ffe4d2f7000 	C:\Xilinx\Vivado\2016.4\lib\win64.o\libise.dll
0x00007ffe2f6f0000 - 0x00007ffe2fc30000 	C:\Xilinx\Vivado\2016.4\lib\win64.o\librdi_xdm.dll
0x00007ffe4eea0000 - 0x00007ffe4eedc000 	C:\Xilinx\Vivado\2016.4\lib\win64.o\librdi_wavedata_SimpleApi.dll
0x00007ffe4d820000 - 0x00007ffe4d863000 	C:\Xilinx\Vivado\2016.4\lib\win64.o\librdi_hdf.dll
0x00007ffe2f310000 - 0x00007ffe2f6e3000 	C:\Xilinx\Vivado\2016.4\lib\win64.o\librdi_wavedata.dll
0x00007ffe2f110000 - 0x00007ffe2f308000 	C:\Xilinx\Vivado\2016.4\lib\win64.o\librdi_hsm.dll
0x00007ffe2eb50000 - 0x00007ffe2f10c000 	C:\Xilinx\Vivado\2016.4\lib\win64.o\librdi_abc_nomp.dll
0x00007ffe4fd30000 - 0x00007ffe4fd49000 	C:\Xilinx\Vivado\2016.4\lib\win64.o\librdi_hmetis.dll
0x00007ffe2d2f0000 - 0x00007ffe2eb43000 	C:\Xilinx\Vivado\2016.4\lib\win64.o\librdi_mig.dll
0x00007ffe2c660000 - 0x00007ffe2d2ee000 	C:\Xilinx\Vivado\2016.4\lib\win64.o\librdi_implflow.dll
0x00007ffe4d0b0000 - 0x00007ffe4d0fd000 	C:\Xilinx\Vivado\2016.4\lib\win64.o\librdi_projectbase.dll
0x00007ffe2bf90000 - 0x00007ffe2c65d000 	C:\Xilinx\Vivado\2016.4\lib\win64.o\librdi_labtools.dll
0x00007ffe4cff0000 - 0x00007ffe4d0a5000 	C:\Xilinx\Vivado\2016.4\lib\win64.o\librdi_hwh.dll
0x00007ffe2a4c0000 - 0x00007ffe2bf88000 	C:\Xilinx\Vivado\2016.4\lib\win64.o\librdi_synth.dll

VM Arguments:
jvm_args: -Dsun.java2d.pmoffscreen=false -Dsun.java2d.d3d=false -Dsun.awt.nopixfmt=true -Xverify:none -Dswing.aatext=true -XX:-UsePerfData -Djdk.map.althashing.threshold=512 -XX:StringTableSize=4072 -XX:NewSize=60m -XX:MaxNewSize=60m -Xms128m -Xmx3072m -Xss5m 
java_command: <unknown>
java_class_path (initial): C:/Xilinx/Vivado/2016.4\lib\classes\alloy.jar;C:/Xilinx/Vivado/2016.4\lib\classes\batik-anim.jar;C:/Xilinx/Vivado/2016.4\lib\classes\batik-awt-util.jar;C:/Xilinx/Vivado/2016.4\lib\classes\batik-bridge.jar;C:/Xilinx/Vivado/2016.4\lib\classes\batik-codec.jar;C:/Xilinx/Vivado/2016.4\lib\classes\batik-css.jar;C:/Xilinx/Vivado/2016.4\lib\classes\batik-dom.jar;C:/Xilinx/Vivado/2016.4\lib\classes\batik-ext.jar;C:/Xilinx/Vivado/2016.4\lib\classes\batik-gui-util.jar;C:/Xilinx/Vivado/2016.4\lib\classes\batik-gvt.jar;C:/Xilinx/Vivado/2016.4\lib\classes\batik-parser.jar;C:/Xilinx/Vivado/2016.4\lib\classes\batik-script.jar;C:/Xilinx/Vivado/2016.4\lib\classes\batik-svg-dom.jar;C:/Xilinx/Vivado/2016.4\lib\classes\batik-swing.jar;C:/Xilinx/Vivado/2016.4\lib\classes\batik-transcoder.jar;C:/Xilinx/Vivado/2016.4\lib\classes\batik-util.jar;C:/Xilinx/Vivado/2016.4\lib\classes\batik-xml.jar;C:/Xilinx/Vivado/2016.4\lib\classes\commons-math-2.2.jar;C:/Xilinx/Vivado/2016.4\lib\classes\dom4j-1.6.1.jar;C:/Xilinx/Vivado/2016.4\lib\classes\forms.jar;C:/Xilinx/Vivado/2016.4\lib\classes\guava-18.0.jar;C:/Xilinx/Vivado/2016.4\lib\classes\help.jar;C:/Xilinx/Vivado/2016.4\lib\classes\hsqldb.jar;C:/Xilinx/Vivado/2016.4\lib\classes\jh.jar;C:/Xilinx/Vivado/2016.4\lib\classes\jide-action.jar;C:/Xilinx/Vivado/2016.4\lib\classes\jide-charts.jar;C:/Xilinx/Vivado/2016.4\lib\classes\jide-common.jar;C:/Xilinx/Vivado/2016.4\lib\classes\jide-components.jar;C:/Xilinx/Vivado/2016.4\lib\classes\jide-dashboard.jar;C:/Xilinx/Vivado/2016.4\lib\classes\jide-data.jar;C:/Xilinx/Vivado/2016.4\lib\classes\jide-dialogs.jar;C:/Xilinx/Vivado/2016.4\lib\classes\jide-diff.jar;C:/Xilinx/Vivado/2016.4\lib\classes\jide-dock.jar;C:/Xilinx/Vivado/2016.4\lib\classes\jide-editor.jar;C:/Xilinx/Vivado/2016.4\lib\classes\jide-gantt.jar;C:/Xilinx/Vivado/2016.4\lib\classes\jide-grids.jar;C:/Xilinx/Vivado/2016.4\lib\classes\jide-pivot.jar;C:/Xilinx/Vivado/2016.4\lib\classes\jide-plaf-jdk7.jar;C:/Xilinx/Vivado/2
Launcher Type: generic

Environment Variables:
JAVA_HOME=C:\Program Files\Java\jdk1.8.0_162
CLASSPATH=.;C:\Program Files\Java\jdk1.8.0_162\lib\dt.jar;C:\Program Files\Java\jdk1.8.0_162\lib\tools.jar;
PATH=C:/Xilinx/Vivado/2016.4/bin;C:/Xilinx/Vivado/2016.4/lib/win64.o;C:/Xilinx/Vivado/2016.4/tps/win64/jre/bin/server;C:/Xilinx/Vivado/2016.4/tps/win64/jre/bin;C:/Xilinx/Vivado/2016.4/ids_lite/ISE/bin/nt64;C:/Xilinx/Vivado/2016.4/ids_lite/ISE/lib/nt64;C:/Xilinx/Vivado_HLS/2016.4/bin;C:\Program Files\Docker\Docker\Resources\bin;C:\Program Files (x86)\Cuminas\Document Express DjVu Plug-in\;C:\WINDOWS\system32;C:\WINDOWS;C:\WINDOWS\System32\Wbem;C:\WINDOWS\System32\WindowsPowerShell\v1.0\;C:\Program Files\Git\cmd;C:\Program Files\nodejs\;C:\Users\will131\Android\Sdk\tools;C:\Users\will131\.gradle\wrapper\dists\gradle-4.1-all\bzyivzo6n839fup2jbap0tjew\gradle-4.1\bin;C:\Go\bin;C:\WINDOWS\System32\OpenSSH\;C:\Users\will131\AppData\Local\Microsoft\WindowsApps;C:\Program Files\Microsoft VS Code\bin;C:\Program Files\Java\jdk1.8.0_162\bin;C:\Program Files\Java\jdk1.8.0_162\jre\bin;C:\Users\will131\AppData\Roaming\npm;C:\Users\will131\Android\Sdk\platform-tools;C:\Users\will131\Anaconda3;C:\Users\will131\Anaconda3\Scripts;C:\MinGW\bin;C:\Users\will131\AppData\Local\GitHubDesktop\bin;;%USERPROFILE%\AppData\Local\Microsoft\WindowsApps
USERNAME=will131
OS=Windows_NT
PROCESSOR_IDENTIFIER=Intel64 Family 6 Model 61 Stepping 4, GenuineIntel



---------------  S Y S T E M  ---------------

OS: Windows 10.0 , 64 bit Build 17134 (10.0.17134.1)

CPU:total 4 (2 cores per cpu, 2 threads per core) family 6 model 61 stepping 4, cmov, cx8, fxsr, mmx, sse, sse2, sse3, ssse3, sse4.1, sse4.2, popcnt, avx, avx2, aes, clmul, erms, 3dnowpref, lzcnt, ht, tsc, tscinvbit, bmi1, bmi2, adx

Memory: 4k page, physical 8116404k(4212960k free), swap 9492660k(5196372k free)

vm_info: Java HotSpot(TM) 64-Bit Server VM (25.66-b18) for windows-amd64 JRE (1.8.0_66-b18), built on Nov  9 2015 10:51:13 by "java_re" with MS VC++ 10.0 (VS2010)

time: Tue Jun 19 11:07:25 2018
elapsed time: 3639 seconds (0d 1h 0m 39s)

